  [4;36;1mSQL (17.1ms)[0m   [0;1m SELECT name
 FROM sqlite_master
 WHERE type = 'table' AND NOT name = 'sqlite_sequence'
[0m
  [4;35;1mSQL (0.3ms)[0m   [0mselect sqlite_version(*)[0m
  [4;36;1mSQL (12.6ms)[0m   [0;1mCREATE TABLE "schema_migrations" ("version" varchar(255) NOT NULL) [0m
  [4;35;1mSQL (5.6ms)[0m   [0mCREATE UNIQUE INDEX "unique_schema_migrations" ON "schema_migrations" ("version")[0m
  [4;36;1mSQL (0.2ms)[0m   [0;1m SELECT name
 FROM sqlite_master
 WHERE type = 'table' AND NOT name = 'sqlite_sequence'
[0m
  [4;35;1mSQL (0.1ms)[0m   [0mSELECT version FROM schema_migrations[0m
Migrating to CreateTopics (20090613205354)
  [4;36;1mSQL (0.8ms)[0m   [0;1mCREATE TABLE "topics" ("id" INTEGER PRIMARY KEY AUTOINCREMENT NOT NULL, "title" varchar(255), "description" text, "created_at" datetime, "updated_at" datetime) [0m
  [4;35;1mSQL (0.2ms)[0m   [0mINSERT INTO schema_migrations (version) VALUES ('20090613205354')[0m
  [4;36;1mSQL (0.4ms)[0m   [0;1m SELECT name
 FROM sqlite_master
 WHERE type = 'table' AND NOT name = 'sqlite_sequence'
[0m
  [4;35;1mSQL (0.2ms)[0m   [0mSELECT version FROM schema_migrations[0m
  [4;36;1mSQL (0.3ms)[0m   [0;1m SELECT name
 FROM sqlite_master
 WHERE type = 'table' AND NOT name = 'sqlite_sequence'
[0m
  [4;35;1mSQL (0.2ms)[0m   [0mPRAGMA index_list("topics")[0m


Processing TopicsController#index (for 192.168.37.1 at 2009-06-13 16:54:23) [GET]
  [4;36;1mTopic Load (0.7ms)[0m   [0;1mSELECT * FROM "topics" [0m
Rendering template within layouts/topics
Rendering topics/index
Completed in 32ms (View: 22, DB: 1) | 200 OK [http://nbb.ilen.vm/topics]


Processing TopicsController#new (for 192.168.37.1 at 2009-06-13 16:55:58) [GET]
Rendering template within layouts/topics
Rendering topics/new
Completed in 26ms (View: 13, DB: 0) | 200 OK [http://nbb.ilen.vm/topics/new]


Processing TopicsController#create (for 192.168.37.1 at 2009-06-13 16:56:27) [POST]
  Parameters: {"commit"=>"Create", "authenticity_token"=>"zwEhlQWwJ09pd6pYKffPAw+8ABMbWIAccNiURV3Q4CA=", "topic"=>{"title"=>"How to suggest a topic", "description"=>"We will learn how to suggest a topic..."}}
  [4;35;1mTopic Create (8.3ms)[0m   [0mINSERT INTO "topics" ("created_at", "title", "updated_at", "description") VALUES('2009-06-13 20:56:27', 'How to suggest a topic', '2009-06-13 20:56:27', 'We will learn how to suggest a topic...')[0m
Redirected to http://nbb.ilen.vm:3000/topics/1
Completed in 95ms (DB: 8) | 302 Found [http://nbb.ilen.vm/topics]


Processing TopicsController#show (for 192.168.37.1 at 2009-06-13 16:56:28) [GET]
  Parameters: {"id"=>"1"}
  [4;36;1mTopic Load (7.6ms)[0m   [0;1mSELECT * FROM "topics" WHERE ("topics"."id" = 1) [0m
Rendering template within layouts/topics
Rendering topics/show
Completed in 32ms (View: 14, DB: 8) | 200 OK [http://nbb.ilen.vm/topics/1]


Processing TopicsController#edit (for 192.168.37.1 at 2009-06-13 16:56:32) [GET]
  Parameters: {"id"=>"1"}
  [4;35;1mTopic Load (0.4ms)[0m   [0mSELECT * FROM "topics" WHERE ("topics"."id" = 1) [0m
Rendering template within layouts/topics
Rendering topics/edit
Completed in 22ms (View: 11, DB: 0) | 200 OK [http://nbb.ilen.vm/topics/1/edit]


Processing TopicsController#update (for 192.168.37.1 at 2009-06-13 16:56:44) [PUT]
  Parameters: {"commit"=>"Update", "authenticity_token"=>"zwEhlQWwJ09pd6pYKffPAw+8ABMbWIAccNiURV3Q4CA=", "topic"=>{"title"=>"How to suggest a topic", "description"=>"We will learn how to suggest a topic... and submit it!"}, "id"=>"1"}
  [4;36;1mTopic Load (0.4ms)[0m   [0;1mSELECT * FROM "topics" WHERE ("topics"."id" = 1) [0m
  [4;35;1mTopic Update (0.3ms)[0m   [0mUPDATE "topics" SET "updated_at" = '2009-06-13 20:56:44', "description" = 'We will learn how to suggest a topic... and submit it!' WHERE "id" = 1[0m
Redirected to http://nbb.ilen.vm:3000/topics/1
Completed in 58ms (DB: 1) | 302 Found [http://nbb.ilen.vm/topics/1]


Processing TopicsController#show (for 192.168.37.1 at 2009-06-13 16:56:50) [GET]
  Parameters: {"id"=>"1"}
  [4;36;1mTopic Load (0.7ms)[0m   [0;1mSELECT * FROM "topics" WHERE ("topics"."id" = 1) [0m
Rendering template within layouts/topics
Rendering topics/show
Completed in 19ms (View: 4, DB: 1) | 200 OK [http://nbb.ilen.vm/topics/1]


Processing TopicsController#index (for 192.168.37.1 at 2009-06-13 16:56:58) [GET]
  [4;35;1mTopic Load (1.1ms)[0m   [0mSELECT * FROM "topics" [0m
Rendering template within layouts/topics
Rendering topics/index
Completed in 17ms (View: 6, DB: 1) | 200 OK [http://nbb.ilen.vm/topics]


Processing TopicsController#new (for 192.168.37.1 at 2009-06-13 16:57:01) [GET]
Rendering template within layouts/topics
Rendering topics/new
Completed in 16ms (View: 5, DB: 0) | 200 OK [http://nbb.ilen.vm/topics/new]


Processing TopicsController#create (for 192.168.37.1 at 2009-06-13 16:57:15) [POST]
  Parameters: {"commit"=>"Create", "authenticity_token"=>"zwEhlQWwJ09pd6pYKffPAw+8ABMbWIAccNiURV3Q4CA=", "topic"=>{"title"=>"Here's another topic", "description"=>"Test test"}}
  [4;36;1mTopic Create (0.3ms)[0m   [0;1mINSERT INTO "topics" ("created_at", "title", "updated_at", "description") VALUES('2009-06-13 20:57:15', 'Here''s another topic', '2009-06-13 20:57:15', 'Test test')[0m
Redirected to http://nbb.ilen.vm:3000/topics/2
Completed in 63ms (DB: 0) | 302 Found [http://nbb.ilen.vm/topics]


Processing TopicsController#show (for 192.168.37.1 at 2009-06-13 16:57:15) [GET]
  Parameters: {"id"=>"2"}
  [4;35;1mTopic Load (0.6ms)[0m   [0mSELECT * FROM "topics" WHERE ("topics"."id" = 2) [0m
Rendering template within layouts/topics
Rendering topics/show
Completed in 24ms (View: 6, DB: 1) | 200 OK [http://nbb.ilen.vm/topics/2]


Processing TopicsController#index (for 192.168.37.1 at 2009-06-13 16:57:24) [GET]
  [4;36;1mTopic Load (0.7ms)[0m   [0;1mSELECT * FROM "topics" [0m
Rendering template within layouts/topics
Rendering topics/index
Completed in 17ms (View: 7, DB: 1) | 200 OK [http://nbb.ilen.vm/topics]


Processing TopicsController#destroy (for 192.168.37.1 at 2009-06-13 16:57:33) [DELETE]
  Parameters: {"authenticity_token"=>"zwEhlQWwJ09pd6pYKffPAw+8ABMbWIAccNiURV3Q4CA=", "id"=>"2"}
  [4;35;1mTopic Load (0.4ms)[0m   [0mSELECT * FROM "topics" WHERE ("topics"."id" = 2) [0m
  [4;36;1mTopic Destroy (0.2ms)[0m   [0;1mDELETE FROM "topics" WHERE "id" = 2[0m
Redirected to http://nbb.ilen.vm:3000/topics
Completed in 61ms (DB: 1) | 302 Found [http://nbb.ilen.vm/topics/2]


Processing TopicsController#index (for 192.168.37.1 at 2009-06-13 16:57:34) [GET]
  [4;35;1mTopic Load (1.0ms)[0m   [0mSELECT * FROM "topics" [0m
Rendering template within layouts/topics
Rendering topics/index
Completed in 20ms (View: 6, DB: 1) | 200 OK [http://nbb.ilen.vm/topics]


Processing TopicsController#index (for 192.168.37.1 at 2009-06-13 17:06:36) [GET]
  [4;36;1mTopic Load (0.6ms)[0m   [0;1mSELECT * FROM "topics" [0m
Rendering template within layouts/topics
Rendering topics/index
Completed in 20ms (View: 11, DB: 1) | 200 OK [http://nbb.ilen.vm/topics]


Processing TopicsController#index to xml (for 192.168.37.1 at 2009-06-13 17:07:29) [GET]
  [4;35;1mTopic Load (0.7ms)[0m   [0mSELECT * FROM "topics" [0m
Completed in 240ms (View: 231, DB: 1) | 200 OK [http://nbb.ilen.vm/topics.xml]
  [4;36;1mTopic Load (0.8ms)[0m   [0;1mSELECT * FROM "topics" [0m
  [4;35;1mTopic Load (0.5ms)[0m   [0mSELECT * FROM "topics" [0m


Processing TopicsController#new (for 192.168.37.1 at 2009-06-13 17:37:22) [GET]
Rendering template within layouts/topics
Rendering topics/new
Completed in 59ms (View: 9, DB: 0) | 200 OK [http://nbb.ilen.vm/topics/new]


Processing TopicsController#create (for 192.168.37.1 at 2009-06-13 17:37:34) [POST]
  Parameters: {"commit"=>"Create", "authenticity_token"=>"zwEhlQWwJ09pd6pYKffPAw+8ABMbWIAccNiURV3Q4CA=", "topic"=>{"title"=>"Foo", "description"=>"Bar"}}
  [4;36;1mTopic Create (0.5ms)[0m   [0;1mINSERT INTO "topics" ("created_at", "title", "updated_at", "description") VALUES('2009-06-13 21:37:34', 'Foo', '2009-06-13 21:37:34', 'Bar')[0m
Redirected to http://nbb.ilen.vm:3000/topics/3
Completed in 61ms (DB: 0) | 302 Found [http://nbb.ilen.vm/topics]


Processing TopicsController#show (for 192.168.37.1 at 2009-06-13 17:37:34) [GET]
  Parameters: {"id"=>"3"}
  [4;35;1mTopic Load (0.5ms)[0m   [0mSELECT * FROM "topics" WHERE ("topics"."id" = 3) [0m
Rendering template within layouts/topics
Rendering topics/show
Completed in 14ms (View: 3, DB: 0) | 200 OK [http://nbb.ilen.vm/topics/3]
  [4;36;1mTopic Load (0.6ms)[0m   [0;1mSELECT * FROM "topics" [0m
  [4;35;1mTopic Create (0.8ms)[0m   [0mINSERT INTO "topics" ("created_at", "title", "updated_at", "description") VALUES('2009-06-13 21:40:00', NULL, '2009-06-13 21:40:00', NULL)[0m
  [4;36;1mTopic Load (0.9ms)[0m   [0;1mSELECT * FROM "topics" [0m
  [4;35;1mTopic Load (0.9ms)[0m   [0mSELECT * FROM "topics" [0m
  [4;36;1mTopic Load (1.0ms)[0m   [0;1mSELECT * FROM "topics" [0m
  [4;36;1mSQL (0.8ms)[0m   [0;1m SELECT name
 FROM sqlite_master
 WHERE type = 'table' AND NOT name = 'sqlite_sequence'
[0m
  [4;35;1mSQL (0.2ms)[0m   [0mSELECT version FROM schema_migrations[0m
  [4;36;1mSQL (0.2ms)[0m   [0;1mselect sqlite_version(*)[0m
  [4;35;1mSQL (0.2ms)[0m   [0m SELECT name
 FROM sqlite_master
 WHERE type = 'table' AND NOT name = 'sqlite_sequence'
[0m
  [4;36;1mSQL (59.9ms)[0m   [0;1mCREATE TABLE "topics" ("id" INTEGER PRIMARY KEY AUTOINCREMENT NOT NULL, "title" varchar(255), "description" text, "created_at" datetime, "updated_at" datetime) [0m
  [4;35;1mSQL (0.4ms)[0m   [0m SELECT name
 FROM sqlite_master
 WHERE type = 'table' AND NOT name = 'sqlite_sequence'
[0m
  [4;36;1mSQL (37.1ms)[0m   [0;1mCREATE TABLE "schema_migrations" ("version" varchar(255) NOT NULL) [0m
  [4;35;1mSQL (13.6ms)[0m   [0mCREATE UNIQUE INDEX "unique_schema_migrations" ON "schema_migrations" ("version")[0m
  [4;36;1mSQL (0.3ms)[0m   [0;1m SELECT name
 FROM sqlite_master
 WHERE type = 'table' AND NOT name = 'sqlite_sequence'
[0m
  [4;35;1mSQL (0.2ms)[0m   [0mSELECT version FROM "schema_migrations"[0m
  [4;36;1mSQL (5.2ms)[0m   [0;1mINSERT INTO "schema_migrations" (version) VALUES ('20090613205354')[0m
  [4;36;1mSQL (0.7ms)[0m   [0;1m SELECT name
 FROM sqlite_master
 WHERE type = 'table' AND NOT name = 'sqlite_sequence'
[0m
  [4;35;1mSQL (0.2ms)[0m   [0mSELECT version FROM schema_migrations[0m
  [4;36;1mSQL (0.2ms)[0m   [0;1mselect sqlite_version(*)[0m
  [4;35;1mSQL (0.2ms)[0m   [0m SELECT name
 FROM sqlite_master
 WHERE type = 'table' AND NOT name = 'sqlite_sequence'
[0m
  [4;36;1mSQL (74.7ms)[0m   [0;1mCREATE TABLE "topics" ("id" INTEGER PRIMARY KEY AUTOINCREMENT NOT NULL, "title" varchar(255), "description" text, "created_at" datetime, "updated_at" datetime) [0m
  [4;35;1mSQL (0.3ms)[0m   [0m SELECT name
 FROM sqlite_master
 WHERE type = 'table' AND NOT name = 'sqlite_sequence'
[0m
  [4;36;1mSQL (32.8ms)[0m   [0;1mCREATE TABLE "schema_migrations" ("version" varchar(255) NOT NULL) [0m
  [4;35;1mSQL (5.2ms)[0m   [0mCREATE UNIQUE INDEX "unique_schema_migrations" ON "schema_migrations" ("version")[0m
  [4;36;1mSQL (0.4ms)[0m   [0;1m SELECT name
 FROM sqlite_master
 WHERE type = 'table' AND NOT name = 'sqlite_sequence'
[0m
  [4;35;1mSQL (0.1ms)[0m   [0mSELECT version FROM "schema_migrations"[0m
  [4;36;1mSQL (20.2ms)[0m   [0;1mINSERT INTO "schema_migrations" (version) VALUES ('20090613205354')[0m
  [4;36;1mSQL (0.8ms)[0m   [0;1m SELECT name
 FROM sqlite_master
 WHERE type = 'table' AND NOT name = 'sqlite_sequence'
[0m
  [4;35;1mSQL (0.3ms)[0m   [0mSELECT version FROM schema_migrations[0m
  [4;36;1mSQL (0.2ms)[0m   [0;1mselect sqlite_version(*)[0m
  [4;35;1mSQL (0.2ms)[0m   [0m SELECT name
 FROM sqlite_master
 WHERE type = 'table' AND NOT name = 'sqlite_sequence'
[0m
  [4;36;1mSQL (54.7ms)[0m   [0;1mCREATE TABLE "topics" ("id" INTEGER PRIMARY KEY AUTOINCREMENT NOT NULL, "title" varchar(255), "description" text, "created_at" datetime, "updated_at" datetime) [0m
  [4;35;1mSQL (0.3ms)[0m   [0m SELECT name
 FROM sqlite_master
 WHERE type = 'table' AND NOT name = 'sqlite_sequence'
[0m
  [4;36;1mSQL (4.0ms)[0m   [0;1mCREATE TABLE "schema_migrations" ("version" varchar(255) NOT NULL) [0m
  [4;35;1mSQL (4.7ms)[0m   [0mCREATE UNIQUE INDEX "unique_schema_migrations" ON "schema_migrations" ("version")[0m
  [4;36;1mSQL (0.3ms)[0m   [0;1m SELECT name
 FROM sqlite_master
 WHERE type = 'table' AND NOT name = 'sqlite_sequence'
[0m
  [4;35;1mSQL (0.1ms)[0m   [0mSELECT version FROM "schema_migrations"[0m
  [4;36;1mSQL (3.7ms)[0m   [0;1mINSERT INTO "schema_migrations" (version) VALUES ('20090613205354')[0m
  [4;36;1mSQL (0.8ms)[0m   [0;1m SELECT name
 FROM sqlite_master
 WHERE type = 'table' AND NOT name = 'sqlite_sequence'
[0m
  [4;35;1mSQL (0.3ms)[0m   [0mSELECT version FROM schema_migrations[0m
  [4;36;1mSQL (0.2ms)[0m   [0;1mselect sqlite_version(*)[0m
  [4;35;1mSQL (0.2ms)[0m   [0m SELECT name
 FROM sqlite_master
 WHERE type = 'table' AND NOT name = 'sqlite_sequence'
[0m
  [4;36;1mSQL (7.1ms)[0m   [0;1mCREATE TABLE "topics" ("id" INTEGER PRIMARY KEY AUTOINCREMENT NOT NULL, "title" varchar(255), "description" text, "created_at" datetime, "updated_at" datetime) [0m
  [4;35;1mSQL (0.2ms)[0m   [0m SELECT name
 FROM sqlite_master
 WHERE type = 'table' AND NOT name = 'sqlite_sequence'
[0m
  [4;36;1mSQL (4.7ms)[0m   [0;1mCREATE TABLE "schema_migrations" ("version" varchar(255) NOT NULL) [0m
  [4;35;1mSQL (36.5ms)[0m   [0mCREATE UNIQUE INDEX "unique_schema_migrations" ON "schema_migrations" ("version")[0m
  [4;36;1mSQL (0.5ms)[0m   [0;1m SELECT name
 FROM sqlite_master
 WHERE type = 'table' AND NOT name = 'sqlite_sequence'
[0m
  [4;35;1mSQL (0.2ms)[0m   [0mSELECT version FROM "schema_migrations"[0m
  [4;36;1mSQL (4.2ms)[0m   [0;1mINSERT INTO "schema_migrations" (version) VALUES ('20090613205354')[0m


Processing TopicsController#edit (for 192.168.37.1 at 2009-06-13 17:56:54) [GET]
  Parameters: {"id"=>"3"}
  [4;36;1mTopic Load (9.3ms)[0m   [0;1mSELECT * FROM "topics" WHERE ("topics"."id" = 3) [0m
Rendering template within layouts/topics
Rendering topics/edit
Completed in 30ms (View: 11, DB: 9) | 200 OK [http://nbb.ilen.vm/topics/3/edit]


Processing TopicsController#update (for 192.168.37.1 at 2009-06-13 17:56:59) [PUT]
  Parameters: {"commit"=>"Update", "authenticity_token"=>"zwEhlQWwJ09pd6pYKffPAw+8ABMbWIAccNiURV3Q4CA=", "topic"=>{"title"=>"", "description"=>"Bar"}, "id"=>"3"}
  [4;35;1mTopic Load (0.4ms)[0m   [0mSELECT * FROM "topics" WHERE ("topics"."id" = 3) [0m
Rendering template within layouts/topics
Rendering topics/edit
Completed in 23ms (View: 5, DB: 0) | 200 OK [http://nbb.ilen.vm/topics/3]


Processing TopicsController#update (for 192.168.37.1 at 2009-06-13 17:57:18) [PUT]
  Parameters: {"commit"=>"Update", "authenticity_token"=>"zwEhlQWwJ09pd6pYKffPAw+8ABMbWIAccNiURV3Q4CA=", "topic"=>{"title"=>"here's a title", "description"=>"Bar"}, "id"=>"3"}
  [4;36;1mTopic Load (1.4ms)[0m   [0;1mSELECT * FROM "topics" WHERE ("topics"."id" = 3) [0m
  [4;35;1mTopic Update (0.3ms)[0m   [0mUPDATE "topics" SET "updated_at" = '2009-06-13 21:57:18', "title" = 'here''s a title' WHERE "id" = 3[0m
Redirected to http://nbb.ilen.vm:3000/topics/3
Completed in 68ms (DB: 2) | 302 Found [http://nbb.ilen.vm/topics/3]


Processing TopicsController#show (for 192.168.37.1 at 2009-06-13 17:57:18) [GET]
  Parameters: {"id"=>"3"}
  [4;36;1mTopic Load (0.3ms)[0m   [0;1mSELECT * FROM "topics" WHERE ("topics"."id" = 3) [0m
Rendering template within layouts/topics
Rendering topics/show
Completed in 14ms (View: 3, DB: 0) | 200 OK [http://nbb.ilen.vm/topics/3]


Processing TopicsController#index (for 192.168.37.1 at 2009-06-13 17:57:41) [GET]
  [4;35;1mTopic Load (1.0ms)[0m   [0mSELECT * FROM "topics" [0m
Rendering template within layouts/topics
Rendering topics/index
Completed in 22ms (View: 10, DB: 1) | 200 OK [http://nbb.ilen.vm/topics]


Processing TopicsController#edit (for 192.168.37.1 at 2009-06-13 17:57:50) [GET]
  Parameters: {"id"=>"4"}
  [4;36;1mTopic Load (0.7ms)[0m   [0;1mSELECT * FROM "topics" WHERE ("topics"."id" = 4) [0m
Rendering template within layouts/topics
Rendering topics/edit
Completed in 28ms (View: 11, DB: 1) | 200 OK [http://nbb.ilen.vm/topics/4/edit]


Processing TopicsController#show (for 192.168.37.1 at 2009-06-13 17:57:55) [GET]
  Parameters: {"id"=>"4"}
  [4;35;1mTopic Load (0.7ms)[0m   [0mSELECT * FROM "topics" WHERE ("topics"."id" = 4) [0m
Rendering template within layouts/topics
Rendering topics/show
Completed in 144ms (View: 123, DB: 1) | 200 OK [http://nbb.ilen.vm/topics/4]


Processing TopicsController#edit (for 192.168.37.1 at 2009-06-13 17:57:58) [GET]
  Parameters: {"id"=>"4"}
  [4;36;1mTopic Load (0.5ms)[0m   [0;1mSELECT * FROM "topics" WHERE ("topics"."id" = 4) [0m
Rendering template within layouts/topics
Rendering topics/edit
Completed in 22ms (View: 7, DB: 0) | 200 OK [http://nbb.ilen.vm/topics/4/edit]


Processing TopicsController#update (for 192.168.37.1 at 2009-06-13 17:58:00) [PUT]
  Parameters: {"commit"=>"Update", "authenticity_token"=>"zwEhlQWwJ09pd6pYKffPAw+8ABMbWIAccNiURV3Q4CA=", "topic"=>{"title"=>"", "description"=>""}, "id"=>"4"}
  [4;35;1mTopic Load (0.7ms)[0m   [0mSELECT * FROM "topics" WHERE ("topics"."id" = 4) [0m
Rendering template within layouts/topics
Rendering topics/edit
Completed in 34ms (View: 9, DB: 1) | 200 OK [http://nbb.ilen.vm/topics/4]
  [4;36;1mSQL (0.7ms)[0m   [0;1m SELECT name
 FROM sqlite_master
 WHERE type = 'table' AND NOT name = 'sqlite_sequence'
[0m
  [4;35;1mSQL (0.2ms)[0m   [0mSELECT version FROM schema_migrations[0m
  [4;36;1mSQL (0.2ms)[0m   [0;1mselect sqlite_version(*)[0m
  [4;35;1mSQL (0.5ms)[0m   [0m SELECT name
 FROM sqlite_master
 WHERE type = 'table' AND NOT name = 'sqlite_sequence'
[0m
  [4;36;1mSQL (10.1ms)[0m   [0;1mCREATE TABLE "topics" ("id" INTEGER PRIMARY KEY AUTOINCREMENT NOT NULL, "title" varchar(255), "description" text, "created_at" datetime, "updated_at" datetime) [0m
  [4;35;1mSQL (0.3ms)[0m   [0m SELECT name
 FROM sqlite_master
 WHERE type = 'table' AND NOT name = 'sqlite_sequence'
[0m
  [4;36;1mSQL (28.7ms)[0m   [0;1mCREATE TABLE "schema_migrations" ("version" varchar(255) NOT NULL) [0m
  [4;35;1mSQL (13.0ms)[0m   [0mCREATE UNIQUE INDEX "unique_schema_migrations" ON "schema_migrations" ("version")[0m
  [4;36;1mSQL (0.3ms)[0m   [0;1m SELECT name
 FROM sqlite_master
 WHERE type = 'table' AND NOT name = 'sqlite_sequence'
[0m
  [4;35;1mSQL (0.1ms)[0m   [0mSELECT version FROM "schema_migrations"[0m
  [4;36;1mSQL (4.3ms)[0m   [0;1mINSERT INTO "schema_migrations" (version) VALUES ('20090613205354')[0m
  [4;36;1mSQL (0.7ms)[0m   [0;1m SELECT name
 FROM sqlite_master
 WHERE type = 'table' AND NOT name = 'sqlite_sequence'
[0m
  [4;35;1mSQL (0.2ms)[0m   [0mSELECT version FROM schema_migrations[0m
  [4;36;1mSQL (0.2ms)[0m   [0;1mselect sqlite_version(*)[0m
  [4;35;1mSQL (0.2ms)[0m   [0m SELECT name
 FROM sqlite_master
 WHERE type = 'table' AND NOT name = 'sqlite_sequence'
[0m
  [4;36;1mSQL (46.6ms)[0m   [0;1mCREATE TABLE "topics" ("id" INTEGER PRIMARY KEY AUTOINCREMENT NOT NULL, "title" varchar(255), "description" text, "created_at" datetime, "updated_at" datetime) [0m
  [4;35;1mSQL (0.3ms)[0m   [0m SELECT name
 FROM sqlite_master
 WHERE type = 'table' AND NOT name = 'sqlite_sequence'
[0m
  [4;36;1mSQL (31.7ms)[0m   [0;1mCREATE TABLE "schema_migrations" ("version" varchar(255) NOT NULL) [0m
  [4;35;1mSQL (25.2ms)[0m   [0mCREATE UNIQUE INDEX "unique_schema_migrations" ON "schema_migrations" ("version")[0m
  [4;36;1mSQL (0.4ms)[0m   [0;1m SELECT name
 FROM sqlite_master
 WHERE type = 'table' AND NOT name = 'sqlite_sequence'
[0m
  [4;35;1mSQL (0.1ms)[0m   [0mSELECT version FROM "schema_migrations"[0m
  [4;36;1mSQL (15.3ms)[0m   [0;1mINSERT INTO "schema_migrations" (version) VALUES ('20090613205354')[0m
  [4;36;1mSQL (0.8ms)[0m   [0;1m SELECT name
 FROM sqlite_master
 WHERE type = 'table' AND NOT name = 'sqlite_sequence'
[0m
  [4;35;1mSQL (0.2ms)[0m   [0mSELECT version FROM schema_migrations[0m
  [4;36;1mSQL (0.5ms)[0m   [0;1mselect sqlite_version(*)[0m
  [4;35;1mSQL (0.2ms)[0m   [0m SELECT name
 FROM sqlite_master
 WHERE type = 'table' AND NOT name = 'sqlite_sequence'
[0m
  [4;36;1mSQL (10.5ms)[0m   [0;1mCREATE TABLE "topics" ("id" INTEGER PRIMARY KEY AUTOINCREMENT NOT NULL, "title" varchar(255), "description" text, "created_at" datetime, "updated_at" datetime) [0m
  [4;35;1mSQL (0.3ms)[0m   [0m SELECT name
 FROM sqlite_master
 WHERE type = 'table' AND NOT name = 'sqlite_sequence'
[0m
  [4;36;1mSQL (22.7ms)[0m   [0;1mCREATE TABLE "schema_migrations" ("version" varchar(255) NOT NULL) [0m
  [4;35;1mSQL (4.5ms)[0m   [0mCREATE UNIQUE INDEX "unique_schema_migrations" ON "schema_migrations" ("version")[0m
  [4;36;1mSQL (0.3ms)[0m   [0;1m SELECT name
 FROM sqlite_master
 WHERE type = 'table' AND NOT name = 'sqlite_sequence'
[0m
  [4;35;1mSQL (0.1ms)[0m   [0mSELECT version FROM "schema_migrations"[0m
  [4;36;1mSQL (8.1ms)[0m   [0;1mINSERT INTO "schema_migrations" (version) VALUES ('20090613205354')[0m
  [4;36;1mSQL (0.8ms)[0m   [0;1m SELECT name
 FROM sqlite_master
 WHERE type = 'table' AND NOT name = 'sqlite_sequence'
[0m
  [4;35;1mSQL (0.4ms)[0m   [0mSELECT version FROM schema_migrations[0m
  [4;36;1mSQL (0.2ms)[0m   [0;1mselect sqlite_version(*)[0m
  [4;35;1mSQL (0.2ms)[0m   [0m SELECT name
 FROM sqlite_master
 WHERE type = 'table' AND NOT name = 'sqlite_sequence'
[0m
  [4;36;1mSQL (26.9ms)[0m   [0;1mCREATE TABLE "topics" ("id" INTEGER PRIMARY KEY AUTOINCREMENT NOT NULL, "title" varchar(255), "description" text, "created_at" datetime, "updated_at" datetime) [0m
  [4;35;1mSQL (0.4ms)[0m   [0m SELECT name
 FROM sqlite_master
 WHERE type = 'table' AND NOT name = 'sqlite_sequence'
[0m
  [4;36;1mSQL (4.0ms)[0m   [0;1mCREATE TABLE "schema_migrations" ("version" varchar(255) NOT NULL) [0m
  [4;35;1mSQL (4.7ms)[0m   [0mCREATE UNIQUE INDEX "unique_schema_migrations" ON "schema_migrations" ("version")[0m
  [4;36;1mSQL (0.4ms)[0m   [0;1m SELECT name
 FROM sqlite_master
 WHERE type = 'table' AND NOT name = 'sqlite_sequence'
[0m
  [4;35;1mSQL (0.1ms)[0m   [0mSELECT version FROM "schema_migrations"[0m
  [4;36;1mSQL (3.8ms)[0m   [0;1mINSERT INTO "schema_migrations" (version) VALUES ('20090613205354')[0m
  [4;35;1mSQL (0.1ms)[0m   [0m SELECT name
 FROM sqlite_master
 WHERE type = 'table' AND NOT name = 'sqlite_sequence'
[0m
  [4;36;1mTopic Create (0.7ms)[0m   [0;1mINSERT INTO "topics" ("created_at", "title", "updated_at", "description") VALUES('2009-06-13 22:13:22', 'Blah blah', '2009-06-13 22:13:22', 'more blah')[0m
  [4;35;1mTopic Load (1.4ms)[0m   [0mSELECT * FROM "topics" [0m
  [4;36;1mSQL (0.7ms)[0m   [0;1m SELECT name
 FROM sqlite_master
 WHERE type = 'table' AND NOT name = 'sqlite_sequence'
[0m
  [4;35;1mSQL (0.2ms)[0m   [0mSELECT version FROM schema_migrations[0m
  [4;36;1mSQL (0.7ms)[0m   [0;1m SELECT name
 FROM sqlite_master
 WHERE type = 'table' AND NOT name = 'sqlite_sequence'
[0m
  [4;35;1mSQL (0.3ms)[0m   [0mSELECT version FROM schema_migrations[0m
Migrating to CreateTopics (20090613205354)
Migrating to CreateVotes (20090613220915)
  [4;36;1mSQL (0.2ms)[0m   [0;1mselect sqlite_version(*)[0m
  [4;35;1mSQL (0.6ms)[0m   [0mCREATE TABLE "votes" ("id" INTEGER PRIMARY KEY AUTOINCREMENT NOT NULL, "topic_id" integer, "created_at" datetime, "updated_at" datetime) [0m
  [4;36;1mSQL (0.2ms)[0m   [0;1mINSERT INTO schema_migrations (version) VALUES ('20090613220915')[0m
  [4;35;1mSQL (0.5ms)[0m   [0m SELECT name
 FROM sqlite_master
 WHERE type = 'table' AND NOT name = 'sqlite_sequence'
[0m
  [4;36;1mSQL (0.3ms)[0m   [0;1mSELECT version FROM schema_migrations[0m
  [4;35;1mSQL (0.3ms)[0m   [0m SELECT name
 FROM sqlite_master
 WHERE type = 'table' AND NOT name = 'sqlite_sequence'
[0m
  [4;36;1mSQL (0.1ms)[0m   [0;1mPRAGMA index_list("topics")[0m
  [4;35;1mSQL (0.1ms)[0m   [0mPRAGMA index_list("votes")[0m
  [4;36;1mSQL (1.1ms)[0m   [0;1m SELECT name
 FROM sqlite_master
 WHERE type = 'table' AND NOT name = 'sqlite_sequence'
[0m
  [4;35;1mSQL (0.3ms)[0m   [0mSELECT version FROM schema_migrations[0m
  [4;36;1mSQL (0.0ms)[0m   [0;1mselect sqlite_version(*)[0m
  [4;35;1mSQL (0.2ms)[0m   [0m SELECT name
 FROM sqlite_master
 WHERE type = 'table' AND NOT name = 'sqlite_sequence'
[0m
  [4;36;1mSQL (45.5ms)[0m   [0;1mCREATE TABLE "topics" ("id" INTEGER PRIMARY KEY AUTOINCREMENT NOT NULL, "title" varchar(255), "description" text, "created_at" datetime, "updated_at" datetime) [0m
  [4;35;1mSQL (0.3ms)[0m   [0m SELECT name
 FROM sqlite_master
 WHERE type = 'table' AND NOT name = 'sqlite_sequence'
[0m
  [4;36;1mSQL (38.6ms)[0m   [0;1mCREATE TABLE "votes" ("id" INTEGER PRIMARY KEY AUTOINCREMENT NOT NULL, "topic_id" integer, "created_at" datetime, "updated_at" datetime) [0m
  [4;35;1mSQL (0.3ms)[0m   [0m SELECT name
 FROM sqlite_master
 WHERE type = 'table' AND NOT name = 'sqlite_sequence'
[0m
  [4;36;1mSQL (13.5ms)[0m   [0;1mCREATE TABLE "schema_migrations" ("version" varchar(255) NOT NULL) [0m
  [4;35;1mSQL (12.9ms)[0m   [0mCREATE UNIQUE INDEX "unique_schema_migrations" ON "schema_migrations" ("version")[0m
  [4;36;1mSQL (0.4ms)[0m   [0;1m SELECT name
 FROM sqlite_master
 WHERE type = 'table' AND NOT name = 'sqlite_sequence'
[0m
  [4;35;1mSQL (0.1ms)[0m   [0mSELECT version FROM "schema_migrations"[0m
  [4;36;1mSQL (3.8ms)[0m   [0;1mINSERT INTO "schema_migrations" (version) VALUES ('20090613220915')[0m
  [4;35;1mSQL (4.0ms)[0m   [0mINSERT INTO "schema_migrations" (version) VALUES ('20090613205354')[0m
  [4;36;1mSQL (0.8ms)[0m   [0;1m SELECT name
 FROM sqlite_master
 WHERE type = 'table' AND NOT name = 'sqlite_sequence'
[0m
  [4;35;1mSQL (0.4ms)[0m   [0mSELECT version FROM schema_migrations[0m
  [4;36;1mSQL (0.2ms)[0m   [0;1mselect sqlite_version(*)[0m
  [4;35;1mSQL (0.2ms)[0m   [0m SELECT name
 FROM sqlite_master
 WHERE type = 'table' AND NOT name = 'sqlite_sequence'
[0m
  [4;36;1mSQL (16.0ms)[0m   [0;1mCREATE TABLE "topics" ("id" INTEGER PRIMARY KEY AUTOINCREMENT NOT NULL, "title" varchar(255), "description" text, "created_at" datetime, "updated_at" datetime) [0m
  [4;35;1mSQL (0.3ms)[0m   [0m SELECT name
 FROM sqlite_master
 WHERE type = 'table' AND NOT name = 'sqlite_sequence'
[0m
  [4;36;1mSQL (35.0ms)[0m   [0;1mCREATE TABLE "votes" ("id" INTEGER PRIMARY KEY AUTOINCREMENT NOT NULL, "topic_id" integer, "created_at" datetime, "updated_at" datetime) [0m
  [4;35;1mSQL (0.3ms)[0m   [0m SELECT name
 FROM sqlite_master
 WHERE type = 'table' AND NOT name = 'sqlite_sequence'
[0m
  [4;36;1mSQL (10.7ms)[0m   [0;1mCREATE TABLE "schema_migrations" ("version" varchar(255) NOT NULL) [0m
  [4;35;1mSQL (9.4ms)[0m   [0mCREATE UNIQUE INDEX "unique_schema_migrations" ON "schema_migrations" ("version")[0m
  [4;36;1mSQL (0.5ms)[0m   [0;1m SELECT name
 FROM sqlite_master
 WHERE type = 'table' AND NOT name = 'sqlite_sequence'
[0m
  [4;35;1mSQL (0.1ms)[0m   [0mSELECT version FROM "schema_migrations"[0m
  [4;36;1mSQL (4.2ms)[0m   [0;1mINSERT INTO "schema_migrations" (version) VALUES ('20090613220915')[0m
  [4;35;1mSQL (11.9ms)[0m   [0mINSERT INTO "schema_migrations" (version) VALUES ('20090613205354')[0m
  [4;36;1mSQL (0.8ms)[0m   [0;1m SELECT name
 FROM sqlite_master
 WHERE type = 'table' AND NOT name = 'sqlite_sequence'
[0m
  [4;35;1mSQL (0.3ms)[0m   [0mSELECT version FROM schema_migrations[0m
  [4;36;1mSQL (0.2ms)[0m   [0;1mselect sqlite_version(*)[0m
  [4;35;1mSQL (0.2ms)[0m   [0m SELECT name
 FROM sqlite_master
 WHERE type = 'table' AND NOT name = 'sqlite_sequence'
[0m
  [4;36;1mSQL (45.2ms)[0m   [0;1mCREATE TABLE "topics" ("id" INTEGER PRIMARY KEY AUTOINCREMENT NOT NULL, "title" varchar(255), "description" text, "created_at" datetime, "updated_at" datetime) [0m
  [4;35;1mSQL (0.3ms)[0m   [0m SELECT name
 FROM sqlite_master
 WHERE type = 'table' AND NOT name = 'sqlite_sequence'
[0m
  [4;36;1mSQL (25.4ms)[0m   [0;1mCREATE TABLE "votes" ("id" INTEGER PRIMARY KEY AUTOINCREMENT NOT NULL, "topic_id" integer, "created_at" datetime, "updated_at" datetime) [0m
  [4;35;1mSQL (0.3ms)[0m   [0m SELECT name
 FROM sqlite_master
 WHERE type = 'table' AND NOT name = 'sqlite_sequence'
[0m
  [4;36;1mSQL (5.0ms)[0m   [0;1mCREATE TABLE "schema_migrations" ("version" varchar(255) NOT NULL) [0m
  [4;35;1mSQL (14.5ms)[0m   [0mCREATE UNIQUE INDEX "unique_schema_migrations" ON "schema_migrations" ("version")[0m
  [4;36;1mSQL (0.4ms)[0m   [0;1m SELECT name
 FROM sqlite_master
 WHERE type = 'table' AND NOT name = 'sqlite_sequence'
[0m
  [4;35;1mSQL (0.1ms)[0m   [0mSELECT version FROM "schema_migrations"[0m
  [4;36;1mSQL (11.6ms)[0m   [0;1mINSERT INTO "schema_migrations" (version) VALUES ('20090613220915')[0m
  [4;35;1mSQL (14.5ms)[0m   [0mINSERT INTO "schema_migrations" (version) VALUES ('20090613205354')[0m


Processing TopicsController#show (for 192.168.37.1 at 2009-06-13 18:18:56) [GET]
  Parameters: {"id"=>"4"}
  [4;36;1mTopic Load (0.4ms)[0m   [0;1mSELECT * FROM "topics" WHERE ("topics"."id" = 4) [0m
Rendering template within layouts/topics
Rendering topics/show
Completed in 25ms (View: 4, DB: 0) | 200 OK [http://nbb.ilen.vm/topics/4]


Processing TopicsController#index (for 192.168.37.1 at 2009-06-13 18:18:59) [GET]
  [4;35;1mTopic Load (1.0ms)[0m   [0mSELECT * FROM "topics" [0m
Rendering template within layouts/topics
Rendering topics/index
Completed in 22ms (View: 11, DB: 1) | 200 OK [http://nbb.ilen.vm/topics]


Processing TopicsController#index (for 192.168.37.1 at 2009-06-13 18:19:02) [GET]
  [4;36;1mTopic Load (1.6ms)[0m   [0;1mSELECT * FROM "topics" [0m
Rendering template within layouts/topics
Rendering topics/index
Completed in 28ms (View: 13, DB: 2) | 200 OK [http://nbb.ilen.vm/topics]


Processing TopicsController#destroy (for 192.168.37.1 at 2009-06-13 18:19:10) [DELETE]
  Parameters: {"authenticity_token"=>"zwEhlQWwJ09pd6pYKffPAw+8ABMbWIAccNiURV3Q4CA=", "id"=>"4"}
  [4;35;1mTopic Load (5.3ms)[0m   [0mSELECT * FROM "topics" WHERE ("topics"."id" = 4) [0m
  [4;36;1mTopic Destroy (0.5ms)[0m   [0;1mDELETE FROM "topics" WHERE "id" = 4[0m
Redirected to http://nbb.ilen.vm:3000/topics
Completed in 30ms (DB: 6) | 302 Found [http://nbb.ilen.vm/topics/4]


Processing TopicsController#index (for 192.168.37.1 at 2009-06-13 18:19:10) [GET]
  [4;35;1mTopic Load (0.9ms)[0m   [0mSELECT * FROM "topics" [0m
Rendering template within layouts/topics
Rendering topics/index
Completed in 19ms (View: 9, DB: 1) | 200 OK [http://nbb.ilen.vm/topics]


Processing TopicsController#index (for 192.168.37.1 at 2009-06-13 18:19:17) [GET]
  [4;36;1mTopic Load (0.9ms)[0m   [0;1mSELECT * FROM "topics" [0m
Rendering template within layouts/topics
Rendering topics/index
Completed in 21ms (View: 10, DB: 1) | 200 OK [http://nbb.ilen.vm/topics]


Processing TopicsController#new (for 192.168.37.1 at 2009-06-13 18:20:35) [GET]
Rendering template within layouts/topics
Rendering topics/new
Completed in 20ms (View: 6, DB: 0) | 200 OK [http://nbb.ilen.vm/topics/new]


Processing VotesController#index (for 192.168.37.1 at 2009-06-13 18:20:40) [GET]

ActionController::UnknownAction (No action responded to index. Actions: ):
  /usr/lib/ruby/1.8/webrick/httpserver.rb:104:in `service'
  /usr/lib/ruby/1.8/webrick/httpserver.rb:65:in `run'
  /usr/lib/ruby/1.8/webrick/server.rb:173:in `start_thread'
  /usr/lib/ruby/1.8/webrick/server.rb:162:in `start'
  /usr/lib/ruby/1.8/webrick/server.rb:162:in `start_thread'
  /usr/lib/ruby/1.8/webrick/server.rb:95:in `start'
  /usr/lib/ruby/1.8/webrick/server.rb:92:in `each'
  /usr/lib/ruby/1.8/webrick/server.rb:92:in `start'
  /usr/lib/ruby/1.8/webrick/server.rb:23:in `start'
  /usr/lib/ruby/1.8/webrick/server.rb:82:in `start'

Rendering rescues/layout (not_found)


Processing TopicsController#index (for 192.168.37.1 at 2009-06-13 18:23:29) [GET]
  [4;35;1mTopic Load (1.0ms)[0m   [0mSELECT * FROM "topics" [0m
Rendering template within layouts/topics
Rendering topics/index
Completed in 21ms (View: 5, DB: 1) | 200 OK [http://nbb.ilen.vm/topics]


Processing TopicsController#edit (for 192.168.37.1 at 2009-06-13 18:23:31) [GET]
  Parameters: {"id"=>"1"}
  [4;36;1mTopic Load (0.3ms)[0m   [0;1mSELECT * FROM "topics" WHERE ("topics"."id" = 1) [0m
Rendering template within layouts/topics
Rendering topics/edit
Completed in 18ms (View: 6, DB: 0) | 200 OK [http://nbb.ilen.vm/topics/1/edit]


Processing TopicsController#show (for 192.168.37.1 at 2009-06-13 18:23:35) [GET]
  Parameters: {"id"=>"1"}
  [4;35;1mTopic Load (0.3ms)[0m   [0mSELECT * FROM "topics" WHERE ("topics"."id" = 1) [0m
Rendering template within layouts/topics
Rendering topics/show
Completed in 16ms (View: 3, DB: 0) | 200 OK [http://nbb.ilen.vm/topics/1]


Processing TopicsController#show (for 192.168.37.1 at 2009-06-13 18:32:50) [GET]
  Parameters: {"id"=>"1"}
  [4;36;1mTopic Load (0.4ms)[0m   [0;1mSELECT * FROM "topics" WHERE ("topics"."id" = 1) [0m
Rendering template within layouts/topics
Rendering topics/show
  [4;35;1mVote Load (0.2ms)[0m   [0mSELECT * FROM "votes" WHERE ("votes".topic_id = 1) [0m
Completed in 28ms (View: 15, DB: 1) | 200 OK [http://nbb.ilen.vm/topics/1]


Processing TopicsController#show (for 192.168.37.1 at 2009-06-13 18:35:51) [GET]
  Parameters: {"id"=>"1"}
  [4;36;1mTopic Load (0.3ms)[0m   [0;1mSELECT * FROM "topics" WHERE ("topics"."id" = 1) [0m
Rendering template within layouts/topics
Rendering topics/show
  [4;35;1mVote Load (0.2ms)[0m   [0mSELECT * FROM "votes" WHERE ("votes".topic_id = 1) [0m
Completed in 26ms (View: 14, DB: 1) | 200 OK [http://nbb.ilen.vm/topics/1]
  [4;36;1mTopic Load (1.0ms)[0m   [0;1mSELECT * FROM "topics" [0m


Processing TopicsController#show (for 192.168.37.1 at 2009-06-13 18:40:14) [GET]
  Parameters: {"id"=>"1"}
  [4;36;1mTopic Load (0.4ms)[0m   [0;1mSELECT * FROM "topics" WHERE ("topics"."id" = 1) [0m
Rendering template within layouts/topics
Rendering topics/show
  [4;35;1mVote Load (0.2ms)[0m   [0mSELECT * FROM "votes" WHERE ("votes".topic_id = 1) [0m
Completed in 28ms (View: 14, DB: 1) | 200 OK [http://nbb.ilen.vm/topics/1]
  [4;35;1mVote Load (0.6ms)[0m   [0mSELECT * FROM "votes" [0m


Processing TopicsController#show (for 192.168.37.1 at 2009-06-13 18:53:37) [GET]
  Parameters: {"id"=>"1"}
  [4;36;1mTopic Load (0.5ms)[0m   [0;1mSELECT * FROM "topics" WHERE ("topics"."id" = 1) [0m
Rendering template within layouts/topics
Rendering topics/show
  [4;35;1mVote Load (0.4ms)[0m   [0mSELECT * FROM "votes" WHERE ("votes".topic_id = 1) [0m
Completed in 34ms (View: 17, DB: 1) | 200 OK [http://nbb.ilen.vm/topics/1]


Processing VotesController#create (for 192.168.37.1 at 2009-06-13 18:53:40) [POST]
  Parameters: {"authenticity_token"=>"zwEhlQWwJ09pd6pYKffPAw+8ABMbWIAccNiURV3Q4CA=", "topic_id"=>"1"}

ActionController::UnknownAction (No action responded to create. Actions: ):
  /usr/lib/ruby/1.8/webrick/httpserver.rb:104:in `service'
  /usr/lib/ruby/1.8/webrick/httpserver.rb:65:in `run'
  /usr/lib/ruby/1.8/webrick/server.rb:173:in `start_thread'
  /usr/lib/ruby/1.8/webrick/server.rb:162:in `start'
  /usr/lib/ruby/1.8/webrick/server.rb:162:in `start_thread'
  /usr/lib/ruby/1.8/webrick/server.rb:95:in `start'
  /usr/lib/ruby/1.8/webrick/server.rb:92:in `each'
  /usr/lib/ruby/1.8/webrick/server.rb:92:in `start'
  /usr/lib/ruby/1.8/webrick/server.rb:23:in `start'
  /usr/lib/ruby/1.8/webrick/server.rb:82:in `start'

Rendering rescues/layout (not_found)


Processing TopicsController#index (for 192.168.37.1 at 2009-06-13 18:53:51) [GET]
  [4;36;1mTopic Load (0.9ms)[0m   [0;1mSELECT * FROM "topics" [0m
Rendering template within layouts/topics
Rendering topics/index
Completed in 29ms (View: 14, DB: 1) | 200 OK [http://nbb.ilen.vm/topics]


Processing VotesController#create (for 192.168.37.1 at 2009-06-13 18:53:54) [POST]
  Parameters: {"authenticity_token"=>"zwEhlQWwJ09pd6pYKffPAw+8ABMbWIAccNiURV3Q4CA=", "topic_id"=>"1"}

ActionController::UnknownAction (No action responded to create. Actions: ):
  /usr/lib/ruby/1.8/webrick/httpserver.rb:104:in `service'
  /usr/lib/ruby/1.8/webrick/httpserver.rb:65:in `run'
  /usr/lib/ruby/1.8/webrick/server.rb:173:in `start_thread'
  /usr/lib/ruby/1.8/webrick/server.rb:162:in `start'
  /usr/lib/ruby/1.8/webrick/server.rb:162:in `start_thread'
  /usr/lib/ruby/1.8/webrick/server.rb:95:in `start'
  /usr/lib/ruby/1.8/webrick/server.rb:92:in `each'
  /usr/lib/ruby/1.8/webrick/server.rb:92:in `start'
  /usr/lib/ruby/1.8/webrick/server.rb:23:in `start'
  /usr/lib/ruby/1.8/webrick/server.rb:82:in `start'

Rendering rescues/layout (not_found)


Processing TopicsController#show (for 192.168.37.1 at 2009-06-13 18:54:31) [GET]
  Parameters: {"id"=>"1"}
  [4;35;1mTopic Load (2.0ms)[0m   [0mSELECT * FROM "topics" WHERE ("topics"."id" = 1) [0m
Rendering template within layouts/topics
Rendering topics/show
  [4;36;1mVote Load (0.2ms)[0m   [0;1mSELECT * FROM "votes" WHERE ("votes".topic_id = 1) [0m

ActionView::TemplateError (wrong number of arguments (0 for 1)) on line #14 of app/views/topics/show.html.erb:
11: <p>
12: <b>Votes:</b>
13: <%=h @topic.votes.length %>
14: <%= button_to "+1", topic_votes_path(@topic), method => :post %>
15: </p>
16: 
17: <%= link_to 'Edit', edit_topic_path(@topic) %> |

    app/views/topics/show.html.erb:14:in `method'
    app/views/topics/show.html.erb:14
    app/controllers/topics_controller.rb:18:in `show'
    /usr/lib/ruby/1.8/webrick/httpserver.rb:104:in `service'
    /usr/lib/ruby/1.8/webrick/httpserver.rb:65:in `run'
    /usr/lib/ruby/1.8/webrick/server.rb:173:in `start_thread'
    /usr/lib/ruby/1.8/webrick/server.rb:162:in `start'
    /usr/lib/ruby/1.8/webrick/server.rb:162:in `start_thread'
    /usr/lib/ruby/1.8/webrick/server.rb:95:in `start'
    /usr/lib/ruby/1.8/webrick/server.rb:92:in `each'
    /usr/lib/ruby/1.8/webrick/server.rb:92:in `start'
    /usr/lib/ruby/1.8/webrick/server.rb:23:in `start'
    /usr/lib/ruby/1.8/webrick/server.rb:82:in `start'

Rendered rescues/_trace (74.8ms)
Rendered rescues/_request_and_response (17.4ms)
Rendering rescues/layout (internal_server_error)


Processing TopicsController#show (for 192.168.37.1 at 2009-06-13 18:54:44) [GET]
  Parameters: {"id"=>"1"}
  [4;35;1mTopic Load (0.3ms)[0m   [0mSELECT * FROM "topics" WHERE ("topics"."id" = 1) [0m
Rendering template within layouts/topics
Rendering topics/show
  [4;36;1mVote Load (0.2ms)[0m   [0;1mSELECT * FROM "votes" WHERE ("votes".topic_id = 1) [0m
Completed in 27ms (View: 12, DB: 1) | 200 OK [http://nbb.ilen.vm/topics/1]


Processing VotesController#create (for 192.168.37.1 at 2009-06-13 18:54:46) [POST]
  Parameters: {"authenticity_token"=>"zwEhlQWwJ09pd6pYKffPAw+8ABMbWIAccNiURV3Q4CA=", "topic_id"=>"1"}

ActionController::UnknownAction (No action responded to create. Actions: ):
  /usr/lib/ruby/1.8/webrick/httpserver.rb:104:in `service'
  /usr/lib/ruby/1.8/webrick/httpserver.rb:65:in `run'
  /usr/lib/ruby/1.8/webrick/server.rb:173:in `start_thread'
  /usr/lib/ruby/1.8/webrick/server.rb:162:in `start'
  /usr/lib/ruby/1.8/webrick/server.rb:162:in `start_thread'
  /usr/lib/ruby/1.8/webrick/server.rb:95:in `start'
  /usr/lib/ruby/1.8/webrick/server.rb:92:in `each'
  /usr/lib/ruby/1.8/webrick/server.rb:92:in `start'
  /usr/lib/ruby/1.8/webrick/server.rb:23:in `start'
  /usr/lib/ruby/1.8/webrick/server.rb:82:in `start'

Rendering rescues/layout (not_found)


Processing TopicsController#show (for 192.168.37.1 at 2009-06-13 18:58:05) [GET]
  Parameters: {"id"=>"1"}
  [4;35;1mTopic Load (5.7ms)[0m   [0mSELECT * FROM "topics" WHERE ("topics"."id" = 1) [0m
Rendering template within layouts/topics
Rendering topics/show
  [4;36;1mVote Load (0.2ms)[0m   [0;1mSELECT * FROM "votes" WHERE ("votes".topic_id = 1) [0m
Completed in 55ms (View: 8, DB: 6) | 200 OK [http://nbb.ilen.vm/topics/1]


Processing VotesController#create (for 192.168.37.1 at 2009-06-13 18:58:08) [POST]
  Parameters: {"authenticity_token"=>"zwEhlQWwJ09pd6pYKffPAw+8ABMbWIAccNiURV3Q4CA=", "topic_id"=>"1"}
  [4;35;1mTopic Load (0.7ms)[0m   [0mSELECT * FROM "topics" WHERE ("topics"."id" = 1) [0m
  [4;36;1mVote Create (0.5ms)[0m   [0;1mINSERT INTO "votes" ("created_at", "updated_at", "topic_id") VALUES('2009-06-13 22:58:08', '2009-06-13 22:58:08', 1)[0m
  [4;35;1mTopic Load (0.7ms)[0m   [0mSELECT * FROM "topics" WHERE ("topics"."id" = 1) [0m

ActionView::MissingTemplate (Missing template votes/create.erb in view path app/views):
  /usr/lib/ruby/1.8/webrick/httpserver.rb:104:in `service'
  /usr/lib/ruby/1.8/webrick/httpserver.rb:65:in `run'
  /usr/lib/ruby/1.8/webrick/server.rb:173:in `start_thread'
  /usr/lib/ruby/1.8/webrick/server.rb:162:in `start'
  /usr/lib/ruby/1.8/webrick/server.rb:162:in `start_thread'
  /usr/lib/ruby/1.8/webrick/server.rb:95:in `start'
  /usr/lib/ruby/1.8/webrick/server.rb:92:in `each'
  /usr/lib/ruby/1.8/webrick/server.rb:92:in `start'
  /usr/lib/ruby/1.8/webrick/server.rb:23:in `start'
  /usr/lib/ruby/1.8/webrick/server.rb:82:in `start'

Rendering rescues/layout (internal_server_error)


Processing VotesController#create (for 192.168.37.1 at 2009-06-13 18:58:20) [POST]
  Parameters: {"authenticity_token"=>"zwEhlQWwJ09pd6pYKffPAw+8ABMbWIAccNiURV3Q4CA=", "topic_id"=>"1"}
  [4;36;1mTopic Load (0.3ms)[0m   [0;1mSELECT * FROM "topics" WHERE ("topics"."id" = 1) [0m
  [4;35;1mVote Create (0.3ms)[0m   [0mINSERT INTO "votes" ("created_at", "updated_at", "topic_id") VALUES('2009-06-13 22:58:20', '2009-06-13 22:58:20', 1)[0m
  [4;36;1mTopic Load (0.5ms)[0m   [0;1mSELECT * FROM "topics" WHERE ("topics"."id" = 1) [0m

ActionView::MissingTemplate (Missing template votes/create.erb in view path app/views):
  /usr/lib/ruby/1.8/webrick/httpserver.rb:104:in `service'
  /usr/lib/ruby/1.8/webrick/httpserver.rb:65:in `run'
  /usr/lib/ruby/1.8/webrick/server.rb:173:in `start_thread'
  /usr/lib/ruby/1.8/webrick/server.rb:162:in `start'
  /usr/lib/ruby/1.8/webrick/server.rb:162:in `start_thread'
  /usr/lib/ruby/1.8/webrick/server.rb:95:in `start'
  /usr/lib/ruby/1.8/webrick/server.rb:92:in `each'
  /usr/lib/ruby/1.8/webrick/server.rb:92:in `start'
  /usr/lib/ruby/1.8/webrick/server.rb:23:in `start'
  /usr/lib/ruby/1.8/webrick/server.rb:82:in `start'

Rendering rescues/layout (internal_server_error)


Processing TopicsController#index (for 192.168.37.1 at 2009-06-13 18:58:45) [GET]
  [4;35;1mTopic Load (0.9ms)[0m   [0mSELECT * FROM "topics" [0m
Rendering template within layouts/topics
Rendering topics/index
Completed in 20ms (View: 9, DB: 1) | 200 OK [http://nbb.ilen.vm/topics]


Processing VotesController#create (for 192.168.37.1 at 2009-06-13 18:58:49) [POST]
  Parameters: {"authenticity_token"=>"zwEhlQWwJ09pd6pYKffPAw+8ABMbWIAccNiURV3Q4CA=", "topic_id"=>"1"}
  [4;36;1mTopic Load (0.3ms)[0m   [0;1mSELECT * FROM "topics" WHERE ("topics"."id" = 1) [0m
  [4;35;1mVote Create (0.3ms)[0m   [0mINSERT INTO "votes" ("created_at", "updated_at", "topic_id") VALUES('2009-06-13 22:58:49', '2009-06-13 22:58:49', 1)[0m
  [4;36;1mTopic Load (0.4ms)[0m   [0;1mSELECT * FROM "topics" WHERE ("topics"."id" = 1) [0m
Redirected to http://nbb.ilen.vm:3000/topics
Completed in 29ms (DB: 1) | 302 Found [http://nbb.ilen.vm/topics/1/votes]


Processing TopicsController#index (for 192.168.37.1 at 2009-06-13 18:58:50) [GET]
  [4;35;1mTopic Load (0.9ms)[0m   [0mSELECT * FROM "topics" [0m
Rendering template within layouts/topics
Rendering topics/index
Completed in 21ms (View: 10, DB: 1) | 200 OK [http://nbb.ilen.vm/topics]


Processing VotesController#create (for 192.168.37.1 at 2009-06-13 18:58:52) [POST]
  Parameters: {"authenticity_token"=>"zwEhlQWwJ09pd6pYKffPAw+8ABMbWIAccNiURV3Q4CA=", "topic_id"=>"5"}
  [4;36;1mTopic Load (0.3ms)[0m   [0;1mSELECT * FROM "topics" WHERE ("topics"."id" = 5) [0m
  [4;35;1mVote Create (0.3ms)[0m   [0mINSERT INTO "votes" ("created_at", "updated_at", "topic_id") VALUES('2009-06-13 22:58:53', '2009-06-13 22:58:53', 5)[0m
  [4;36;1mTopic Load (0.4ms)[0m   [0;1mSELECT * FROM "topics" WHERE ("topics"."id" = 5) [0m
Redirected to http://nbb.ilen.vm:3000/topics
Completed in 57ms (DB: 1) | 302 Found [http://nbb.ilen.vm/topics/5/votes]


Processing TopicsController#index (for 192.168.37.1 at 2009-06-13 18:58:53) [GET]
  [4;35;1mTopic Load (0.9ms)[0m   [0mSELECT * FROM "topics" [0m
Rendering template within layouts/topics
Rendering topics/index
Completed in 20ms (View: 10, DB: 1) | 200 OK [http://nbb.ilen.vm/topics]


Processing VotesController#create (for 192.168.37.1 at 2009-06-13 18:58:55) [POST]
  Parameters: {"authenticity_token"=>"zwEhlQWwJ09pd6pYKffPAw+8ABMbWIAccNiURV3Q4CA=", "topic_id"=>"3"}
  [4;36;1mTopic Load (0.3ms)[0m   [0;1mSELECT * FROM "topics" WHERE ("topics"."id" = 3) [0m
  [4;35;1mVote Create (0.3ms)[0m   [0mINSERT INTO "votes" ("created_at", "updated_at", "topic_id") VALUES('2009-06-13 22:58:55', '2009-06-13 22:58:55', 3)[0m
  [4;36;1mTopic Load (0.5ms)[0m   [0;1mSELECT * FROM "topics" WHERE ("topics"."id" = 3) [0m
Redirected to http://nbb.ilen.vm:3000/topics
Completed in 29ms (DB: 1) | 302 Found [http://nbb.ilen.vm/topics/3/votes]


Processing TopicsController#index (for 192.168.37.1 at 2009-06-13 18:58:55) [GET]
  [4;35;1mTopic Load (1.0ms)[0m   [0mSELECT * FROM "topics" [0m
Rendering template within layouts/topics
Rendering topics/index
Completed in 24ms (View: 11, DB: 1) | 200 OK [http://nbb.ilen.vm/topics]


Processing VotesController#create (for 192.168.37.1 at 2009-06-13 18:58:57) [POST]
  Parameters: {"authenticity_token"=>"zwEhlQWwJ09pd6pYKffPAw+8ABMbWIAccNiURV3Q4CA=", "topic_id"=>"5"}
  [4;36;1mTopic Load (0.4ms)[0m   [0;1mSELECT * FROM "topics" WHERE ("topics"."id" = 5) [0m
  [4;35;1mVote Create (0.4ms)[0m   [0mINSERT INTO "votes" ("created_at", "updated_at", "topic_id") VALUES('2009-06-13 22:58:57', '2009-06-13 22:58:57', 5)[0m
  [4;36;1mTopic Load (0.4ms)[0m   [0;1mSELECT * FROM "topics" WHERE ("topics"."id" = 5) [0m
Redirected to http://nbb.ilen.vm:3000/topics
Completed in 70ms (DB: 1) | 302 Found [http://nbb.ilen.vm/topics/5/votes]


Processing TopicsController#index (for 192.168.37.1 at 2009-06-13 18:58:58) [GET]
  [4;35;1mTopic Load (1.0ms)[0m   [0mSELECT * FROM "topics" [0m
Rendering template within layouts/topics
Rendering topics/index
Completed in 23ms (View: 11, DB: 1) | 200 OK [http://nbb.ilen.vm/topics]


Processing VotesController#create (for 192.168.37.1 at 2009-06-13 18:58:58) [POST]
  Parameters: {"authenticity_token"=>"zwEhlQWwJ09pd6pYKffPAw+8ABMbWIAccNiURV3Q4CA=", "topic_id"=>"5"}
  [4;36;1mTopic Load (0.3ms)[0m   [0;1mSELECT * FROM "topics" WHERE ("topics"."id" = 5) [0m
  [4;35;1mVote Create (0.3ms)[0m   [0mINSERT INTO "votes" ("created_at", "updated_at", "topic_id") VALUES('2009-06-13 22:58:58', '2009-06-13 22:58:58', 5)[0m
  [4;36;1mTopic Load (0.4ms)[0m   [0;1mSELECT * FROM "topics" WHERE ("topics"."id" = 5) [0m
Redirected to http://nbb.ilen.vm:3000/topics
Completed in 29ms (DB: 1) | 302 Found [http://nbb.ilen.vm/topics/5/votes]


Processing TopicsController#index (for 192.168.37.1 at 2009-06-13 18:58:59) [GET]
  [4;35;1mTopic Load (0.9ms)[0m   [0mSELECT * FROM "topics" [0m
Rendering template within layouts/topics
Rendering topics/index
Completed in 20ms (View: 10, DB: 1) | 200 OK [http://nbb.ilen.vm/topics]


Processing VotesController#create (for 192.168.37.1 at 2009-06-13 18:58:59) [POST]
  Parameters: {"authenticity_token"=>"zwEhlQWwJ09pd6pYKffPAw+8ABMbWIAccNiURV3Q4CA=", "topic_id"=>"5"}
  [4;36;1mTopic Load (0.4ms)[0m   [0;1mSELECT * FROM "topics" WHERE ("topics"."id" = 5) [0m
  [4;35;1mVote Create (0.3ms)[0m   [0mINSERT INTO "votes" ("created_at", "updated_at", "topic_id") VALUES('2009-06-13 22:58:59', '2009-06-13 22:58:59', 5)[0m
  [4;36;1mTopic Load (0.5ms)[0m   [0;1mSELECT * FROM "topics" WHERE ("topics"."id" = 5) [0m
Redirected to http://nbb.ilen.vm:3000/topics
Completed in 34ms (DB: 1) | 302 Found [http://nbb.ilen.vm/topics/5/votes]


Processing TopicsController#index (for 192.168.37.1 at 2009-06-13 18:58:59) [GET]
  [4;35;1mTopic Load (0.8ms)[0m   [0mSELECT * FROM "topics" [0m
Rendering template within layouts/topics
Rendering topics/index
Completed in 19ms (View: 9, DB: 1) | 200 OK [http://nbb.ilen.vm/topics]


Processing TopicsController#show (for 192.168.37.1 at 2009-06-13 18:59:02) [GET]
  Parameters: {"id"=>"5"}
  [4;36;1mTopic Load (0.3ms)[0m   [0;1mSELECT * FROM "topics" WHERE ("topics"."id" = 5) [0m
Rendering template within layouts/topics
Rendering topics/show
  [4;35;1mVote Load (6.0ms)[0m   [0mSELECT * FROM "votes" WHERE ("votes".topic_id = 5) [0m
Completed in 20ms (View: 3, DB: 6) | 200 OK [http://nbb.ilen.vm/topics/5]


Processing VotesController#create (for 192.168.37.1 at 2009-06-13 18:59:06) [POST]
  Parameters: {"authenticity_token"=>"zwEhlQWwJ09pd6pYKffPAw+8ABMbWIAccNiURV3Q4CA=", "topic_id"=>"5"}
  [4;36;1mTopic Load (0.3ms)[0m   [0;1mSELECT * FROM "topics" WHERE ("topics"."id" = 5) [0m
  [4;35;1mVote Create (0.4ms)[0m   [0mINSERT INTO "votes" ("created_at", "updated_at", "topic_id") VALUES('2009-06-13 22:59:06', '2009-06-13 22:59:06', 5)[0m
  [4;36;1mTopic Load (0.4ms)[0m   [0;1mSELECT * FROM "topics" WHERE ("topics"."id" = 5) [0m
Redirected to http://nbb.ilen.vm:3000/topics
Completed in 127ms (DB: 1) | 302 Found [http://nbb.ilen.vm/topics/5/votes]


Processing TopicsController#index (for 192.168.37.1 at 2009-06-13 18:59:07) [GET]
  [4;35;1mTopic Load (1.0ms)[0m   [0mSELECT * FROM "topics" [0m
Rendering template within layouts/topics
Rendering topics/index
Completed in 21ms (View: 10, DB: 1) | 200 OK [http://nbb.ilen.vm/topics]


Processing TopicsController#show (for 192.168.37.1 at 2009-06-13 18:59:13) [GET]
  Parameters: {"id"=>"1"}
  [4;36;1mTopic Load (2.7ms)[0m   [0;1mSELECT * FROM "topics" WHERE ("topics"."id" = 1) [0m
Rendering template within layouts/topics
Rendering topics/show
  [4;35;1mVote Load (1.2ms)[0m   [0mSELECT * FROM "votes" WHERE ("votes".topic_id = 1) [0m
Completed in 38ms (View: 16, DB: 4) | 200 OK [http://nbb.ilen.vm/topics/1]


Processing VotesController#create (for 192.168.37.1 at 2009-06-13 18:59:16) [POST]
  Parameters: {"authenticity_token"=>"zwEhlQWwJ09pd6pYKffPAw+8ABMbWIAccNiURV3Q4CA=", "topic_id"=>"1"}
  [4;36;1mTopic Load (0.5ms)[0m   [0;1mSELECT * FROM "topics" WHERE ("topics"."id" = 1) [0m
  [4;35;1mVote Create (0.4ms)[0m   [0mINSERT INTO "votes" ("created_at", "updated_at", "topic_id") VALUES('2009-06-13 22:59:16', '2009-06-13 22:59:16', 1)[0m
  [4;36;1mTopic Load (0.5ms)[0m   [0;1mSELECT * FROM "topics" WHERE ("topics"."id" = 1) [0m
Redirected to http://nbb.ilen.vm:3000/topics
Completed in 71ms (DB: 1) | 302 Found [http://nbb.ilen.vm/topics/1/votes]


Processing TopicsController#index (for 192.168.37.1 at 2009-06-13 18:59:16) [GET]
  [4;35;1mTopic Load (0.9ms)[0m   [0mSELECT * FROM "topics" [0m
Rendering template within layouts/topics
Rendering topics/index
Completed in 20ms (View: 9, DB: 1) | 200 OK [http://nbb.ilen.vm/topics]


Processing TopicsController#index (for 192.168.37.1 at 2009-06-13 19:01:16) [GET]
  [4;36;1mTopic Load (3.5ms)[0m   [0;1mSELECT * FROM "topics" [0m
Rendering template within layouts/topics
Rendering topics/index

ActionView::TemplateError (You have a nil object when you didn't expect it!
The error occurred while evaluating nil.votes) on line #13 of app/views/topics/index.html.erb:
10:   <tr>
11:     <td><%=h topic.title %></td>
12:     <td><%=h topic.description %></td>
13:     <td><%=h @topic.votes.length%> votes</td>
14:     <td><%= button_to "+1", topic_votes_path(topic)%></td>
15:     <td><%= link_to 'View', topic %></td>
16:     <td><%= link_to 'Edit', edit_topic_path(topic) %></td>

    app/views/topics/index.html.erb:13
    app/views/topics/index.html.erb:9:in `each'
    app/views/topics/index.html.erb:9
    app/controllers/topics_controller.rb:7:in `index'
    /usr/lib/ruby/1.8/webrick/httpserver.rb:104:in `service'
    /usr/lib/ruby/1.8/webrick/httpserver.rb:65:in `run'
    /usr/lib/ruby/1.8/webrick/server.rb:173:in `start_thread'
    /usr/lib/ruby/1.8/webrick/server.rb:162:in `start'
    /usr/lib/ruby/1.8/webrick/server.rb:162:in `start_thread'
    /usr/lib/ruby/1.8/webrick/server.rb:95:in `start'
    /usr/lib/ruby/1.8/webrick/server.rb:92:in `each'
    /usr/lib/ruby/1.8/webrick/server.rb:92:in `start'
    /usr/lib/ruby/1.8/webrick/server.rb:23:in `start'
    /usr/lib/ruby/1.8/webrick/server.rb:82:in `start'

Rendered rescues/_trace (135.2ms)
Rendered rescues/_request_and_response (0.4ms)
Rendering rescues/layout (internal_server_error)


Processing TopicsController#index (for 192.168.37.1 at 2009-06-13 19:01:37) [GET]
  [4;35;1mTopic Load (1.5ms)[0m   [0mSELECT * FROM "topics" [0m
Rendering template within layouts/topics
Rendering topics/index
  [4;36;1mVote Load (1.3ms)[0m   [0;1mSELECT * FROM "votes" WHERE ("votes".topic_id = 1) [0m
  [4;35;1mVote Load (0.6ms)[0m   [0mSELECT * FROM "votes" WHERE ("votes".topic_id = 3) [0m
  [4;36;1mVote Load (1.3ms)[0m   [0;1mSELECT * FROM "votes" WHERE ("votes".topic_id = 5) [0m
Completed in 59ms (View: 37, DB: 5) | 200 OK [http://nbb.ilen.vm/topics]


Processing TopicsController#index (for 192.168.37.1 at 2009-06-13 19:03:18) [GET]
  [4;35;1mTopic Load (0.9ms)[0m   [0mSELECT * FROM "topics" [0m
Rendering template within layouts/topics
Rendering topics/index
  [4;36;1mVote Load (0.8ms)[0m   [0;1mSELECT * FROM "votes" WHERE ("votes".topic_id = 1) [0m

ActionView::TemplateError (String can't be coerced into Fixnum) on line #13 of app/views/topics/index.html.erb:
10:   <tr>
11:     <td><%=h topic.title %></td>
12:     <td><%=h topic.description %></td>
13:     <td><%=h topic.votes.length + pluralize(topic.votes.length, 'person')%></td>
14:     <td><%= button_to "+1", topic_votes_path(topic)%></td>
15:     <td><%= link_to 'View', topic %></td>
16:     <td><%= link_to 'Edit', edit_topic_path(topic) %></td>

    app/views/topics/index.html.erb:13:in `+'
    app/views/topics/index.html.erb:13
    app/views/topics/index.html.erb:9:in `each'
    app/views/topics/index.html.erb:9
    app/controllers/topics_controller.rb:7:in `index'
    /usr/lib/ruby/1.8/webrick/httpserver.rb:104:in `service'
    /usr/lib/ruby/1.8/webrick/httpserver.rb:65:in `run'
    /usr/lib/ruby/1.8/webrick/server.rb:173:in `start_thread'
    /usr/lib/ruby/1.8/webrick/server.rb:162:in `start'
    /usr/lib/ruby/1.8/webrick/server.rb:162:in `start_thread'
    /usr/lib/ruby/1.8/webrick/server.rb:95:in `start'
    /usr/lib/ruby/1.8/webrick/server.rb:92:in `each'
    /usr/lib/ruby/1.8/webrick/server.rb:92:in `start'
    /usr/lib/ruby/1.8/webrick/server.rb:23:in `start'
    /usr/lib/ruby/1.8/webrick/server.rb:82:in `start'

Rendered rescues/_trace (68.5ms)
Rendered rescues/_request_and_response (0.3ms)
Rendering rescues/layout (internal_server_error)


Processing TopicsController#index (for 192.168.37.1 at 2009-06-13 19:03:38) [GET]
  [4;35;1mTopic Load (8.7ms)[0m   [0mSELECT * FROM "topics" [0m
Rendering template within layouts/topics
Rendering topics/index
  [4;36;1mVote Load (0.8ms)[0m   [0;1mSELECT * FROM "votes" WHERE ("votes".topic_id = 1) [0m
  [4;35;1mVote Load (0.6ms)[0m   [0mSELECT * FROM "votes" WHERE ("votes".topic_id = 3) [0m
  [4;36;1mVote Load (1.0ms)[0m   [0;1mSELECT * FROM "votes" WHERE ("votes".topic_id = 5) [0m
Completed in 39ms (View: 25, DB: 11) | 200 OK [http://nbb.ilen.vm/topics]


Processing TopicsController#index (for 192.168.37.1 at 2009-06-13 19:04:04) [GET]
  [4;35;1mTopic Load (0.8ms)[0m   [0mSELECT * FROM "topics" [0m
Rendering template within layouts/topics
Rendering topics/index
  [4;36;1mVote Load (0.8ms)[0m   [0;1mSELECT * FROM "votes" WHERE ("votes".topic_id = 1) [0m
  [4;35;1mVote Load (0.4ms)[0m   [0mSELECT * FROM "votes" WHERE ("votes".topic_id = 3) [0m
  [4;36;1mVote Load (0.8ms)[0m   [0;1mSELECT * FROM "votes" WHERE ("votes".topic_id = 5) [0m
Completed in 35ms (View: 22, DB: 3) | 200 OK [http://nbb.ilen.vm/topics]


Processing TopicsController#index (for 192.168.37.1 at 2009-06-13 19:04:52) [GET]
  [4;35;1mTopic Load (1.0ms)[0m   [0mSELECT * FROM "topics" [0m
Rendering template within layouts/topics
Rendering topics/index
  [4;36;1mVote Load (0.7ms)[0m   [0;1mSELECT * FROM "votes" WHERE ("votes".topic_id = 1) [0m
  [4;35;1mVote Load (0.5ms)[0m   [0mSELECT * FROM "votes" WHERE ("votes".topic_id = 3) [0m
  [4;36;1mVote Load (1.0ms)[0m   [0;1mSELECT * FROM "votes" WHERE ("votes".topic_id = 5) [0m
Completed in 31ms (View: 18, DB: 3) | 200 OK [http://nbb.ilen.vm/topics]


Processing TopicsController#new (for 192.168.37.1 at 2009-06-13 19:05:12) [GET]
Rendering template within layouts/topics
Rendering topics/new
Completed in 21ms (View: 6, DB: 0) | 200 OK [http://nbb.ilen.vm/topics/new]


Processing TopicsController#create (for 192.168.37.1 at 2009-06-13 19:05:21) [POST]
  Parameters: {"commit"=>"Create", "authenticity_token"=>"zwEhlQWwJ09pd6pYKffPAw+8ABMbWIAccNiURV3Q4CA=", "topic"=>{"title"=>"Another Topic", "description"=>"here's another topic"}}
  [4;35;1mTopic Create (0.3ms)[0m   [0mINSERT INTO "topics" ("created_at", "title", "updated_at", "description") VALUES('2009-06-13 23:05:21', 'Another Topic', '2009-06-13 23:05:21', 'here''s another topic')[0m
Redirected to http://nbb.ilen.vm:3000/topics/6
Completed in 62ms (DB: 0) | 302 Found [http://nbb.ilen.vm/topics]


Processing TopicsController#show (for 192.168.37.1 at 2009-06-13 19:05:21) [GET]
  Parameters: {"id"=>"6"}
  [4;36;1mTopic Load (0.3ms)[0m   [0;1mSELECT * FROM "topics" WHERE ("topics"."id" = 6) [0m
Rendering template within layouts/topics
Rendering topics/show
  [4;35;1mVote Load (0.3ms)[0m   [0mSELECT * FROM "votes" WHERE ("votes".topic_id = 6) [0m
Completed in 20ms (View: 9, DB: 1) | 200 OK [http://nbb.ilen.vm/topics/6]


Processing TopicsController#index (for 192.168.37.1 at 2009-06-13 19:05:34) [GET]
  [4;36;1mTopic Load (1.0ms)[0m   [0;1mSELECT * FROM "topics" [0m
Rendering template within layouts/topics
Rendering topics/index
  [4;35;1mVote Load (0.7ms)[0m   [0mSELECT * FROM "votes" WHERE ("votes".topic_id = 1) [0m
  [4;36;1mVote Load (0.6ms)[0m   [0;1mSELECT * FROM "votes" WHERE ("votes".topic_id = 3) [0m
  [4;35;1mVote Load (0.8ms)[0m   [0mSELECT * FROM "votes" WHERE ("votes".topic_id = 5) [0m
  [4;36;1mVote Load (0.2ms)[0m   [0;1mSELECT * FROM "votes" WHERE ("votes".topic_id = 6) [0m
Completed in 34ms (View: 20, DB: 3) | 200 OK [http://nbb.ilen.vm/topics]


Processing TopicsController#index (for 192.168.37.1 at 2009-06-13 19:07:21) [GET]
  [4;35;1mTopic Load (1.7ms)[0m   [0mSELECT * FROM "topics" [0m
Rendering template within layouts/topics
Rendering topics/index
  [4;36;1mVote Load (1.5ms)[0m   [0;1mSELECT * FROM "votes" WHERE ("votes".topic_id = 1) [0m
  [4;35;1mVote Load (0.7ms)[0m   [0mSELECT * FROM "votes" WHERE ("votes".topic_id = 3) [0m
  [4;36;1mVote Load (1.5ms)[0m   [0;1mSELECT * FROM "votes" WHERE ("votes".topic_id = 5) [0m
  [4;35;1mVote Load (0.3ms)[0m   [0mSELECT * FROM "votes" WHERE ("votes".topic_id = 6) [0m
Completed in 55ms (View: 33, DB: 6) | 200 OK [http://nbb.ilen.vm/topics]


Processing TopicsController#index (for 192.168.37.1 at 2009-06-13 19:10:30) [GET]
  [4;36;1mTopic Load (1.0ms)[0m   [0;1mSELECT * FROM "topics" [0m
Rendering template within layouts/topics
Rendering topics/index
  [4;35;1mVote Load (0.7ms)[0m   [0mSELECT * FROM "votes" WHERE ("votes".topic_id = 1) [0m
  [4;36;1mVote Load (0.3ms)[0m   [0;1mSELECT * FROM "votes" WHERE ("votes".topic_id = 3) [0m
  [4;35;1mVote Load (0.8ms)[0m   [0mSELECT * FROM "votes" WHERE ("votes".topic_id = 5) [0m
  [4;36;1mVote Load (0.2ms)[0m   [0;1mSELECT * FROM "votes" WHERE ("votes".topic_id = 6) [0m
Completed in 37ms (View: 22, DB: 3) | 200 OK [http://nbb.ilen.vm/topics]


Processing VotesController#create (for 192.168.37.1 at 2009-06-13 19:10:34) [POST]
  Parameters: {"authenticity_token"=>"zwEhlQWwJ09pd6pYKffPAw+8ABMbWIAccNiURV3Q4CA=", "topic_id"=>"3"}
  [4;35;1mTopic Load (0.3ms)[0m   [0mSELECT * FROM "topics" WHERE ("topics"."id" = 3) [0m
  [4;36;1mVote Create (0.5ms)[0m   [0;1mINSERT INTO "votes" ("created_at", "updated_at", "topic_id") VALUES('2009-06-13 23:10:34', '2009-06-13 23:10:34', 3)[0m
  [4;35;1mTopic Load (1.3ms)[0m   [0mSELECT * FROM "topics" WHERE ("topics"."id" = 3) [0m
Redirected to http://nbb.ilen.vm:3000/topics
Completed in 79ms (DB: 2) | 302 Found [http://nbb.ilen.vm/topics/3/votes]


Processing TopicsController#index (for 192.168.37.1 at 2009-06-13 19:10:34) [GET]
  [4;36;1mTopic Load (1.0ms)[0m   [0;1mSELECT * FROM "topics" [0m
Rendering template within layouts/topics
Rendering topics/index
  [4;35;1mVote Load (0.7ms)[0m   [0mSELECT * FROM "votes" WHERE ("votes".topic_id = 1) [0m
  [4;36;1mVote Load (0.5ms)[0m   [0;1mSELECT * FROM "votes" WHERE ("votes".topic_id = 3) [0m
  [4;35;1mVote Load (0.8ms)[0m   [0mSELECT * FROM "votes" WHERE ("votes".topic_id = 5) [0m
  [4;36;1mVote Load (0.2ms)[0m   [0;1mSELECT * FROM "votes" WHERE ("votes".topic_id = 6) [0m
Completed in 33ms (View: 20, DB: 3) | 200 OK [http://nbb.ilen.vm/topics]


Processing VotesController#create (for 192.168.37.1 at 2009-06-13 19:10:39) [POST]
  Parameters: {"authenticity_token"=>"zwEhlQWwJ09pd6pYKffPAw+8ABMbWIAccNiURV3Q4CA=", "topic_id"=>"6"}
  [4;35;1mTopic Load (0.3ms)[0m   [0mSELECT * FROM "topics" WHERE ("topics"."id" = 6) [0m
  [4;36;1mVote Create (0.3ms)[0m   [0;1mINSERT INTO "votes" ("created_at", "updated_at", "topic_id") VALUES('2009-06-13 23:10:39', '2009-06-13 23:10:39', 6)[0m
  [4;35;1mTopic Load (0.5ms)[0m   [0mSELECT * FROM "topics" WHERE ("topics"."id" = 6) [0m
Redirected to http://nbb.ilen.vm:3000/topics
Completed in 29ms (DB: 1) | 302 Found [http://nbb.ilen.vm/topics/6/votes]


Processing TopicsController#index (for 192.168.37.1 at 2009-06-13 19:10:39) [GET]
  [4;36;1mTopic Load (1.3ms)[0m   [0;1mSELECT * FROM "topics" [0m
Rendering template within layouts/topics
Rendering topics/index
  [4;35;1mVote Load (4.2ms)[0m   [0mSELECT * FROM "votes" WHERE ("votes".topic_id = 1) [0m
  [4;36;1mVote Load (0.7ms)[0m   [0;1mSELECT * FROM "votes" WHERE ("votes".topic_id = 3) [0m
  [4;35;1mVote Load (0.1ms)[0m   [0mSELECT * FROM "votes" WHERE ("votes".topic_id = 5) [0m
  [4;36;1mVote Load (0.4ms)[0m   [0;1mSELECT * FROM "votes" WHERE ("votes".topic_id = 6) [0m
Completed in 42ms (View: 23, DB: 7) | 200 OK [http://nbb.ilen.vm/topics]


Processing VotesController#create (for 192.168.37.1 at 2009-06-13 19:10:42) [POST]
  Parameters: {"authenticity_token"=>"zwEhlQWwJ09pd6pYKffPAw+8ABMbWIAccNiURV3Q4CA=", "topic_id"=>"5"}
  [4;35;1mTopic Load (0.4ms)[0m   [0mSELECT * FROM "topics" WHERE ("topics"."id" = 5) [0m
  [4;36;1mVote Create (0.3ms)[0m   [0;1mINSERT INTO "votes" ("created_at", "updated_at", "topic_id") VALUES('2009-06-13 23:10:42', '2009-06-13 23:10:42', 5)[0m
  [4;35;1mTopic Load (0.4ms)[0m   [0mSELECT * FROM "topics" WHERE ("topics"."id" = 5) [0m
Redirected to http://nbb.ilen.vm:3000/topics
Completed in 106ms (DB: 1) | 302 Found [http://nbb.ilen.vm/topics/5/votes]


Processing TopicsController#index (for 192.168.37.1 at 2009-06-13 19:10:43) [GET]
  [4;36;1mTopic Load (2.2ms)[0m   [0;1mSELECT * FROM "topics" [0m
Rendering template within layouts/topics
Rendering topics/index
  [4;35;1mVote Load (0.8ms)[0m   [0mSELECT * FROM "votes" WHERE ("votes".topic_id = 1) [0m
  [4;36;1mVote Load (0.5ms)[0m   [0;1mSELECT * FROM "votes" WHERE ("votes".topic_id = 3) [0m
  [4;35;1mVote Load (0.9ms)[0m   [0mSELECT * FROM "votes" WHERE ("votes".topic_id = 5) [0m
  [4;36;1mVote Load (0.4ms)[0m   [0;1mSELECT * FROM "votes" WHERE ("votes".topic_id = 6) [0m
Completed in 99ms (View: 82, DB: 5) | 200 OK [http://nbb.ilen.vm/topics]


Processing VotesController#create (for 192.168.37.1 at 2009-06-13 19:10:44) [POST]
  Parameters: {"authenticity_token"=>"zwEhlQWwJ09pd6pYKffPAw+8ABMbWIAccNiURV3Q4CA=", "topic_id"=>"5"}
  [4;35;1mTopic Load (3.4ms)[0m   [0mSELECT * FROM "topics" WHERE ("topics"."id" = 5) [0m
  [4;36;1mVote Create (0.4ms)[0m   [0;1mINSERT INTO "votes" ("created_at", "updated_at", "topic_id") VALUES('2009-06-13 23:10:44', '2009-06-13 23:10:44', 5)[0m
  [4;35;1mTopic Load (0.5ms)[0m   [0mSELECT * FROM "topics" WHERE ("topics"."id" = 5) [0m
Redirected to http://nbb.ilen.vm:3000/topics
Completed in 80ms (DB: 4) | 302 Found [http://nbb.ilen.vm/topics/5/votes]


Processing TopicsController#index (for 192.168.37.1 at 2009-06-13 19:10:44) [GET]
  [4;36;1mTopic Load (1.0ms)[0m   [0;1mSELECT * FROM "topics" [0m
Rendering template within layouts/topics
Rendering topics/index
  [4;35;1mVote Load (0.8ms)[0m   [0mSELECT * FROM "votes" WHERE ("votes".topic_id = 1) [0m
  [4;36;1mVote Load (0.4ms)[0m   [0;1mSELECT * FROM "votes" WHERE ("votes".topic_id = 3) [0m
  [4;35;1mVote Load (0.9ms)[0m   [0mSELECT * FROM "votes" WHERE ("votes".topic_id = 5) [0m
  [4;36;1mVote Load (0.3ms)[0m   [0;1mSELECT * FROM "votes" WHERE ("votes".topic_id = 6) [0m
Completed in 33ms (View: 20, DB: 3) | 200 OK [http://nbb.ilen.vm/topics]


Processing TopicsController#index (for 192.168.37.1 at 2009-06-13 19:10:48) [GET]
  [4;35;1mTopic Load (2.9ms)[0m   [0mSELECT * FROM "topics" [0m
Rendering template within layouts/topics
Rendering topics/index
  [4;36;1mVote Load (0.9ms)[0m   [0;1mSELECT * FROM "votes" WHERE ("votes".topic_id = 1) [0m
  [4;35;1mVote Load (0.8ms)[0m   [0mSELECT * FROM "votes" WHERE ("votes".topic_id = 3) [0m
  [4;36;1mVote Load (1.4ms)[0m   [0;1mSELECT * FROM "votes" WHERE ("votes".topic_id = 5) [0m
  [4;35;1mVote Load (0.5ms)[0m   [0mSELECT * FROM "votes" WHERE ("votes".topic_id = 6) [0m
Completed in 45ms (View: 27, DB: 6) | 200 OK [http://nbb.ilen.vm/topics]


Processing TopicsController#show (for 192.168.37.1 at 2009-06-13 19:11:53) [GET]
  Parameters: {"id"=>"1"}
  [4;36;1mTopic Load (0.4ms)[0m   [0;1mSELECT * FROM "topics" WHERE ("topics"."id" = 1) [0m
Rendering template within layouts/topics
Rendering topics/show
  [4;35;1mVote Load (2.6ms)[0m   [0mSELECT * FROM "votes" WHERE ("votes".topic_id = 1) [0m
Completed in 35ms (View: 17, DB: 3) | 200 OK [http://nbb.ilen.vm/topics/1]


Processing TopicsController#index (for 192.168.37.1 at 2009-06-13 19:12:16) [GET]
  [4;36;1mTopic Load (1.6ms)[0m   [0;1mSELECT * FROM "topics" [0m
Rendering template within layouts/topics
Rendering topics/index
  [4;35;1mVote Load (0.7ms)[0m   [0mSELECT * FROM "votes" WHERE ("votes".topic_id = 1) [0m
  [4;36;1mVote Load (0.6ms)[0m   [0;1mSELECT * FROM "votes" WHERE ("votes".topic_id = 3) [0m
  [4;35;1mVote Load (1.0ms)[0m   [0mSELECT * FROM "votes" WHERE ("votes".topic_id = 5) [0m
  [4;36;1mVote Load (0.3ms)[0m   [0;1mSELECT * FROM "votes" WHERE ("votes".topic_id = 6) [0m
Completed in 37ms (View: 24, DB: 4) | 200 OK [http://nbb.ilen.vm/topics]


Processing TopicsController#index (for 192.168.37.1 at 2009-06-13 19:12:57) [GET]
  [4;35;1mTopic Load (1.6ms)[0m   [0mSELECT * FROM "topics" [0m
Rendering template within layouts/topics
Rendering topics/index
  [4;36;1mVote Load (1.5ms)[0m   [0;1mSELECT * FROM "votes" WHERE ("votes".topic_id = 1) [0m
  [4;35;1mVote Load (0.6ms)[0m   [0mSELECT * FROM "votes" WHERE ("votes".topic_id = 3) [0m
  [4;36;1mVote Load (1.4ms)[0m   [0;1mSELECT * FROM "votes" WHERE ("votes".topic_id = 5) [0m
  [4;35;1mVote Load (0.5ms)[0m   [0mSELECT * FROM "votes" WHERE ("votes".topic_id = 6) [0m
Completed in 50ms (View: 32, DB: 6) | 200 OK [http://nbb.ilen.vm/topics]


Processing TopicsController#show (for 192.168.37.1 at 2009-06-13 19:13:08) [GET]
  Parameters: {"id"=>"1"}
  [4;36;1mTopic Load (0.4ms)[0m   [0;1mSELECT * FROM "topics" WHERE ("topics"."id" = 1) [0m
Rendering template within layouts/topics
Rendering topics/show
  [4;35;1mVote Load (0.8ms)[0m   [0mSELECT * FROM "votes" WHERE ("votes".topic_id = 1) [0m
Completed in 24ms (View: 11, DB: 1) | 200 OK [http://nbb.ilen.vm/topics/1]
